

avr-gcc (GCC) 5.4.0
Copyright (C) 2015 Free Software Foundation, Inc.
This is free software; see the source for copying conditions.  There is NO
warranty; not even for MERCHANTABILITY or FITNESS FOR A PARTICULAR PURPOSE.

Compiling: .build/obj_zsa_ergodox_ez_m32u4_glow_J5evZ/src/default_keyboard.c                        [32;01m[OK][0m
Compiling: keyboards/zsa/ergodox_ez/ergodox_ez.c                                                    [32;01m[OK][0m
Compiling: keyboards/zsa/ergodox_ez/m32u4/m32u4.c                                                   [32;01m[OK][0m
Compiling: keyboards/zsa/ergodox_ez/matrix.c                                                        [32;01m[OK][0m
Compiling: quantum/keymap_introspection.c                                                           [32;01m[OK][0m
Compiling: quantum/bitwise.c                                                                        [32;01m[OK][0m
Compiling: keyboards/zsa/common/oryx.c                                                              [32;01m[OK][0m
Compiling: quantum/quantum.c                                                                        [32;01m[OK][0m
Compiling: quantum/led.c                                                                            [32;01m[OK][0m
Compiling: quantum/action_layer.c                                                                   [32;01m[OK][0m
Compiling: quantum/action_tapping.c                                                                 [32;01m[OK][0m
Compiling: quantum/action_util.c                                                                    [32;01m[OK][0m
Compiling: quantum/action.c                                                                         [32;01m[OK][0m
Compiling: quantum/eeconfig.c                                                                       [32;01m[OK][0m
Compiling: quantum/keyboard.c                                                                       [32;01m[OK][0m
Compiling: quantum/keycode_config.c                                                                 [32;01m[OK][0m
Compiling: quantum/sync_timer.c                                                                     [32;01m[OK][0m
Compiling: quantum/keymap_common.c                                                                  [32;01m[OK][0m
Compiling: quantum/logging/sendchar.c                                                               [32;01m[OK][0m
Compiling: quantum/logging/debug.c                                                                  [32;01m[OK][0m
Compiling: quantum/matrix_common.c                                                                  [32;01m[OK][0m
Assembling: platforms/avr/xprintf.S                                                                 [32;01m[OK][0m
Compiling: quantum/main.c                                                                           [32;01m[OK][0m
Compiling: quantum/debounce/sym_defer_g.c                                                           [32;01m[OK][0m
Compiling: platforms/avr/printf.c                                                                   [32;01m[OK][0m
Compiling: quantum/color.c                                                                          [32;01m[OK][0m
Compiling: quantum/rgb_matrix/rgb_matrix_drivers.c                                                  [32;01m[OK][0m
Compiling: drivers/led/issi/is31fl3731.c                                                            [32;01m[OK][0m
Compiling: quantum/led_tables.c                                                                     [32;01m[OK][0m
Compiling: quantum/process_keycode/process_rgb.c                                                    [32;01m[OK][0m
Compiling: lib/lib8tion/lib8tion.c                                                                  [32;01m[OK][0m
Compiling: quantum/bootmagic/bootmagic.c                                                            [32;01m[OK][0m
Compiling: quantum/process_keycode/process_grave_esc.c                                              [32;01m[OK][0m
Compiling: quantum/process_keycode/process_magic.c                                                  [32;01m[OK][0m
Compiling: quantum/send_string/send_string.c                                                        [32;01m[OK][0m
Compiling: tmk_core/protocol/host.c                                                                 [32;01m[OK][0m
Compiling: tmk_core/protocol/usb_device_state.c                                                     [32;01m[OK][0m
Compiling: tmk_core/protocol/report.c                                                               [32;01m[OK][0m
Compiling: tmk_core/protocol/usb_util.c                                                             [32;01m[OK][0m
Compiling: quantum/process_keycode/process_tap_dance.c                                              [32;01m[OK][0m
Compiling: platforms/synchronization_util.c                                                         [32;01m[OK][0m
Compiling: platforms/suspend.c                                                                      [32;01m[OK][0m
Compiling: platforms/timer.c                                                                        [32;01m[OK][0m
Compiling: platforms/avr/platform.c                                                                 [32;01m[OK][0m
Compiling: platforms/avr/hardware_id.c                                                              [32;01m[OK][0m
Compiling: platforms/avr/timer.c                                                                    [32;01m[OK][0m
Compiling: quantum/rgb_matrix/rgb_matrix.c                                                          [32;01m[OK][0m
Compiling: platforms/avr/bootloaders/halfkay.c                                                      [32;01m[OK][0m
Compiling: platforms/avr/suspend.c                                                                  [32;01m[OK][0m
Compiling: lib/lufa/LUFA/Drivers/USB/Core/AVR8/Device_AVR8.c                                        [32;01m[OK][0m
Compiling: lib/lufa/LUFA/Drivers/USB/Class/Common/HIDParser.c                                       [32;01m[OK][0m
Compiling: tmk_core/protocol/lufa/lufa.c                                                            [32;01m[OK][0m
Compiling: tmk_core/protocol/usb_descriptor.c                                                       [32;01m[OK][0m
Compiling: platforms/avr/drivers/i2c_master.c                                                       [32;01m[OK][0m
Compiling: lib/lufa/LUFA/Drivers/USB/Core/AVR8/Host_AVR8.c                                          [32;01m[OK][0m
Compiling: lib/lufa/LUFA/Drivers/USB/Core/AVR8/PipeStream_AVR8.c                                    [32;01m[OK][0m
Compiling: lib/lufa/LUFA/Drivers/USB/Core/AVR8/Pipe_AVR8.c                                          [32;01m[OK][0m
Compiling: lib/lufa/LUFA/Drivers/USB/Core/AVR8/EndpointStream_AVR8.c                                [32;01m[OK][0m
Compiling: lib/lufa/LUFA/Drivers/USB/Core/AVR8/Endpoint_AVR8.c                                      [32;01m[OK][0m
Compiling: lib/lufa/LUFA/Drivers/USB/Core/AVR8/USBController_AVR8.c                                 [32;01m[OK][0m
Compiling: lib/lufa/LUFA/Drivers/USB/Core/ConfigDescriptors.c                                       [32;01m[OK][0m
Compiling: lib/lufa/LUFA/Drivers/USB/Core/Events.c                                                  [32;01m[OK][0m
Compiling: lib/lufa/LUFA/Drivers/USB/Core/HostStandardReq.c                                         [32;01m[OK][0m
Compiling: lib/lufa/LUFA/Drivers/USB/Core/AVR8/USBInterrupt_AVR8.c                                  [32;01m[OK][0m
Archiving: .build/obj_zsa_ergodox_ez_m32u4_glow_J5evZ/i2c_master.o                                  [32;01m[OK][0m
Compiling: lib/lufa/LUFA/Drivers/USB/Core/DeviceStandardReq.c                                       [32;01m[OK][0m
Compiling: lib/lufa/LUFA/Drivers/USB/Core/USBTask.c                                                 [32;01m[OK][0m
Compiling: tmk_core/protocol/lufa/usb_util.c                                                        [32;01m[OK][0m
Linking: .build/J5evZ/zsa_ergodox_ez_m32u4_glow_J5evZ.elf                                           [32;01m[OK][0m
Creating load file for flashing: .build/J5evZ/zsa_ergodox_ez_m32u4_glow_J5evZ.hex                   [32;01m[OK][0m
Copying zsa_ergodox_ez_m32u4_glow_J5evZ.hex to qmk_firmware folder                                  [32;01m[OK][0m
Checking file size of zsa_ergodox_ez_m32u4_glow_J5evZ.hex                                           [33;01m[WARNINGS][0m

 * The firmware size is approaching the maximum - 31470/32256 (97%, 786 bytes free)
Checking stack size of zsa_ergodox_ez_m32u4_glow_J5evZ                                             
 * Available stack size: 946 bytes
